18:44:29.185 [main] INFO  TC_For_Signup.Carrier_Step_1_Alerts_verificationTest - *****Opening Browser*****
18:44:29.194 [main] INFO  TC_For_Signup.Carrier_Step_1_Alerts_verificationTest - *****Started the Carrier_Step_1_Alerts_verificationTest*****
18:44:30.009 [main] INFO  TC_For_Signup.Carrier_Step_1_Alerts_verificationTest - *****Clicked on Get Started Free button*****
18:44:31.815 [main] INFO  TC_For_Signup.Carrier_Step_1_Alerts_verificationTest - *****Clicked on next button without Entering data*****
18:44:31.833 [main] INFO  TC_For_Signup.Carrier_Step_1_Alerts_verificationTest - *****Locate the role field*****
18:44:31.847 [main] INFO  TC_For_Signup.Carrier_Step_1_Alerts_verificationTest - Role field Validation Message:Expected Result: Please select an item in the list.  Actual Result: Please select an item in the list.
18:44:31.847 [main] INFO  TC_For_Signup.Carrier_Step_1_Alerts_verificationTest - *****Verify the actual result and expected result*****
18:44:34.133 [main] INFO  TC_For_Signup.Carrier_Step_1_Alerts_verificationTest - *****firstname_field_alerts test case started*****
18:44:34.183 [main] INFO  TC_For_Signup.Carrier_Step_1_Alerts_verificationTest - firstname field Validation Message:Expected Result: Please select an item in the list.  Actual Result: Please fill in this field.
18:44:34.183 [main] INFO  TC_For_Signup.Carrier_Step_1_Alerts_verificationTest - *****Verify the actual result and expected result*****
18:44:35.184 [main] INFO  TC_For_Signup.Carrier_Step_1_Alerts_verificationTest - *****Verified firstname_field_alert*****
18:44:36.382 [main] INFO  TC_For_Signup.Carrier_Step_1_Alerts_verificationTest - *****email_field_alert test case started*****
18:44:36.414 [main] INFO  TC_For_Signup.Carrier_Step_1_Alerts_verificationTest - email field Validation Message:Expected Result: Please fill in this field.  Actual Result: Please fill in this field.
18:44:37.414 [main] INFO  TC_For_Signup.Carrier_Step_1_Alerts_verificationTest - *****Verified email_field_alert*****
18:44:38.684 [main] INFO  TC_For_Signup.Carrier_Step_1_Alerts_verificationTest - *****option_field_alert test case started*****
18:44:38.729 [main] INFO  TC_For_Signup.Carrier_Step_1_Alerts_verificationTest - option field Validation Message:Expected Result: Please select an item in the list.  Actual Result: Please select an item in the list.
18:44:38.729 [main] INFO  TC_For_Signup.Carrier_Step_1_Alerts_verificationTest - *****Verified option_field_alert*****
18:44:40.984 [main] INFO  TC_For_Signup.Carrier_Step_1_Alerts_verificationTest - *****Password_field_alert test case started*****
18:44:41.015 [main] INFO  TC_For_Signup.Carrier_Step_1_Alerts_verificationTest - password field Validation Message:Expected Result: Please fill in this field.  Actual Result: Please fill in this field.
18:44:42.015 [main] INFO  TC_For_Signup.Carrier_Step_1_Alerts_verificationTest - *****Verified Password_field_alert*****
18:44:43.231 [main] INFO  TC_For_Signup.Carrier_Step_1_Alerts_verificationTest - Confirmpassword field Validation Message:Expected Result: Please fill in this field.  Actual Result: Please fill in this field.
18:44:44.231 [main] INFO  TC_For_Signup.Carrier_Step_1_Alerts_verificationTest - *****Verified confirm_passowrd_field_alert*****
18:44:45.329 [main] INFO  TC_For_Signup.Carrier_Step_1_Alerts_verificationTest - *****Checking the password_validation_alert*****
18:44:45.629 [main] INFO  TC_For_Signup.Carrier_Step_1_Alerts_verificationTest - If Password and confrim password is not matched : Password and ConfirmPassword did not matched
18:44:47.792 [main] INFO  TC_For_Signup.Carrier_Step_1_Alerts_verificationTest - If password is not valid : Password must be at least 8 characters long, contain an uppercase letter, a lowercase letter, a number, and a special character.
18:44:50.952 [main] INFO  TC_For_Signup.Carrier_Step_1_Alerts_verificationTest - password field Validation Message:Expected Result: Please lengthen this text to 8 characters or more (you are currently using 2 characters  Actual Result: 
18:44:50.952 [main] INFO  TC_For_Signup.Carrier_Step_1_Alerts_verificationTest - *****Validated the password_validation_alert*****
18:44:51.026 [main] INFO  TC_For_Signup.Carrier_Step_1_Alerts_verificationTest - *****Finished Carrier_Step_1_Alerts_verificationTest*****
18:46:33.918 [main] INFO  TC_For_Signup.Carrier_Step_1_Alerts_verificationTest - *****Opening Browser*****
18:46:33.922 [main] INFO  TC_For_Signup.Carrier_Step_1_Alerts_verificationTest - *****Started the Carrier_Step_1_Alerts_verificationTest*****
18:46:35.124 [main] INFO  TC_For_Signup.Carrier_Step_1_Alerts_verificationTest - *****Clicked on Get Started Free button*****
18:46:36.656 [main] INFO  TC_For_Signup.Carrier_Step_1_Alerts_verificationTest - *****Clicked on next button without Entering data*****
18:46:36.677 [main] INFO  TC_For_Signup.Carrier_Step_1_Alerts_verificationTest - *****Locate the role field*****
18:46:36.692 [main] INFO  TC_For_Signup.Carrier_Step_1_Alerts_verificationTest - Role field Validation Message:Expected Result: Please select an item in the list.  Actual Result: Please select an item in the list.
18:46:36.692 [main] INFO  TC_For_Signup.Carrier_Step_1_Alerts_verificationTest - *****Verify the actual result and expected result*****
18:46:38.992 [main] INFO  TC_For_Signup.Carrier_Step_1_Alerts_verificationTest - *****firstname_field_alerts test case started*****
18:46:39.018 [main] INFO  TC_For_Signup.Carrier_Step_1_Alerts_verificationTest - firstname field Validation Message:Expected Result: Please select an item in the list.  Actual Result: Please fill in this field.
18:46:39.018 [main] INFO  TC_For_Signup.Carrier_Step_1_Alerts_verificationTest - *****Verify the actual result and expected result*****
18:46:40.019 [main] INFO  TC_For_Signup.Carrier_Step_1_Alerts_verificationTest - *****Verified firstname_field_alert*****
18:46:41.226 [main] INFO  TC_For_Signup.Carrier_Step_1_Alerts_verificationTest - *****email_field_alert test case started*****
18:46:41.263 [main] INFO  TC_For_Signup.Carrier_Step_1_Alerts_verificationTest - email field Validation Message:Expected Result: Please fill in this field.  Actual Result: Please fill in this field.
18:46:42.263 [main] INFO  TC_For_Signup.Carrier_Step_1_Alerts_verificationTest - *****Verified email_field_alert*****
18:46:43.523 [main] INFO  TC_For_Signup.Carrier_Step_1_Alerts_verificationTest - *****option_field_alert test case started*****
18:46:43.546 [main] INFO  TC_For_Signup.Carrier_Step_1_Alerts_verificationTest - option field Validation Message:Expected Result: Please select an item in the list.  Actual Result: Please select an item in the list.
18:46:43.546 [main] INFO  TC_For_Signup.Carrier_Step_1_Alerts_verificationTest - *****Verified option_field_alert*****
18:46:45.776 [main] INFO  TC_For_Signup.Carrier_Step_1_Alerts_verificationTest - *****Password_field_alert test case started*****
18:46:45.810 [main] INFO  TC_For_Signup.Carrier_Step_1_Alerts_verificationTest - password field Validation Message:Expected Result: Please fill in this field.  Actual Result: Please fill in this field.
18:46:46.810 [main] INFO  TC_For_Signup.Carrier_Step_1_Alerts_verificationTest - *****Verified Password_field_alert*****
18:46:48.019 [main] INFO  TC_For_Signup.Carrier_Step_1_Alerts_verificationTest - Confirmpassword field Validation Message:Expected Result: Please fill in this field.  Actual Result: Please fill in this field.
18:46:49.019 [main] INFO  TC_For_Signup.Carrier_Step_1_Alerts_verificationTest - *****Verified confirm_passowrd_field_alert*****
18:46:50.108 [main] INFO  TC_For_Signup.Carrier_Step_1_Alerts_verificationTest - *****Checking the password_validation_alert*****
18:46:50.425 [main] INFO  TC_For_Signup.Carrier_Step_1_Alerts_verificationTest - If Password and confirm password is not matched : Password and ConfirmPassword did not matched
18:46:52.603 [main] INFO  TC_For_Signup.Carrier_Step_1_Alerts_verificationTest - If password is not valid : Password must be at least 8 characters long, contain an uppercase letter, a lowercase letter, a number, and a special character.
18:48:04.335 [main] INFO  TC_For_Signup.Carrier_Step_1_Alerts_verificationTest - *****Opening Browser*****
18:48:04.339 [main] INFO  TC_For_Signup.Carrier_Step_1_Alerts_verificationTest - *****Started the Carrier_Step_1_Alerts_verificationTest*****
18:48:04.953 [main] INFO  TC_For_Signup.Carrier_Step_1_Alerts_verificationTest - *****Clicked on Get Started Free button*****
18:48:06.824 [main] INFO  TC_For_Signup.Carrier_Step_1_Alerts_verificationTest - *****Clicked on next button without Entering data*****
18:48:06.854 [main] INFO  TC_For_Signup.Carrier_Step_1_Alerts_verificationTest - *****Locate the role field*****
18:48:06.869 [main] INFO  TC_For_Signup.Carrier_Step_1_Alerts_verificationTest - Role field Validation Message:Expected Result: Please select an item in the list.  Actual Result: Please select an item in the list.
18:48:06.870 [main] INFO  TC_For_Signup.Carrier_Step_1_Alerts_verificationTest - *****Verify the actual result and expected result*****
18:48:09.153 [main] INFO  TC_For_Signup.Carrier_Step_1_Alerts_verificationTest - *****firstname_field_alerts test case started*****
18:48:09.178 [main] INFO  TC_For_Signup.Carrier_Step_1_Alerts_verificationTest - firstname field Validation Message:Expected Result: Please select an item in the list.  Actual Result: Please fill in this field.
18:48:09.178 [main] INFO  TC_For_Signup.Carrier_Step_1_Alerts_verificationTest - *****Verify the actual result and expected result*****
18:48:10.181 [main] INFO  TC_For_Signup.Carrier_Step_1_Alerts_verificationTest - *****Verified firstname_field_alert*****
18:48:11.391 [main] INFO  TC_For_Signup.Carrier_Step_1_Alerts_verificationTest - *****email_field_alert test case started*****
18:48:11.425 [main] INFO  TC_For_Signup.Carrier_Step_1_Alerts_verificationTest - email field Validation Message:Expected Result: Please fill in this field.  Actual Result: Please fill in this field.
18:48:12.426 [main] INFO  TC_For_Signup.Carrier_Step_1_Alerts_verificationTest - *****Verified email_field_alert*****
18:48:13.718 [main] INFO  TC_For_Signup.Carrier_Step_1_Alerts_verificationTest - *****option_field_alert test case started*****
18:48:13.743 [main] INFO  TC_For_Signup.Carrier_Step_1_Alerts_verificationTest - option field Validation Message:Expected Result: Please select an item in the list.  Actual Result: Please select an item in the list.
18:48:13.743 [main] INFO  TC_For_Signup.Carrier_Step_1_Alerts_verificationTest - *****Verified option_field_alert*****
18:48:16.005 [main] INFO  TC_For_Signup.Carrier_Step_1_Alerts_verificationTest - *****Password_field_alert test case started*****
18:48:16.040 [main] INFO  TC_For_Signup.Carrier_Step_1_Alerts_verificationTest - password field Validation Message:Expected Result: Please fill in this field.  Actual Result: Please fill in this field.
18:48:17.040 [main] INFO  TC_For_Signup.Carrier_Step_1_Alerts_verificationTest - *****Verified Password_field_alert*****
18:48:18.266 [main] INFO  TC_For_Signup.Carrier_Step_1_Alerts_verificationTest - Confirmpassword field Validation Message:Expected Result: Please fill in this field.  Actual Result: Please fill in this field.
18:48:19.268 [main] INFO  TC_For_Signup.Carrier_Step_1_Alerts_verificationTest - *****Verified confirm_passowrd_field_alert*****
18:48:20.373 [main] INFO  TC_For_Signup.Carrier_Step_1_Alerts_verificationTest - *****Checking the password_validation_alert*****
18:48:20.691 [main] INFO  TC_For_Signup.Carrier_Step_1_Alerts_verificationTest - If Password and confirm password is not matched : Password and ConfirmPassword did not matched
18:48:22.841 [main] INFO  TC_For_Signup.Carrier_Step_1_Alerts_verificationTest - If password is not valid : Password must be at least 8 characters long, contain an uppercase letter, a lowercase letter, a number, and a special character.
18:48:26.026 [main] INFO  TC_For_Signup.Carrier_Step_1_Alerts_verificationTest - password field Validation Message:Expected Result: Please lengthen this text to 8 characters or more (you are currently using 2 characters  Actual Result: 
18:48:26.027 [main] INFO  TC_For_Signup.Carrier_Step_1_Alerts_verificationTest - *****Validated the password_validation_alert*****
18:48:26.118 [main] INFO  TC_For_Signup.Carrier_Step_1_Alerts_verificationTest - *****Finished Carrier_Step_1_Alerts_verificationTest*****
18:53:04.459 [main] INFO  TC_For_Signup.Carrier_Step_1_Alerts_verificationTest - *Opening Browser*
18:53:04.463 [main] INFO  TC_For_Signup.Carrier_Step_1_Alerts_verificationTest - *Started the Carrier_Step_1_Alerts_verificationTest*
18:53:05.624 [main] INFO  TC_For_Signup.Carrier_Step_1_Alerts_verificationTest - *Clicked on Get Started Free button*
18:53:07.531 [main] INFO  TC_For_Signup.Carrier_Step_1_Alerts_verificationTest - *Clicked on next button without Entering data*
18:53:07.561 [main] INFO  TC_For_Signup.Carrier_Step_1_Alerts_verificationTest - *Locate the role field*
18:53:07.581 [main] INFO  TC_For_Signup.Carrier_Step_1_Alerts_verificationTest - Role field Validation Message:Expected Result: Please select an item in the list.  Actual Result: Please select an item in the list.
18:53:07.581 [main] INFO  TC_For_Signup.Carrier_Step_1_Alerts_verificationTest - *Verify the actual result and expected result*
18:53:09.963 [main] INFO  TC_For_Signup.Carrier_Step_1_Alerts_verificationTest - *firstname_field_alerts test case started*
18:53:09.998 [main] INFO  TC_For_Signup.Carrier_Step_1_Alerts_verificationTest - firstname field Validation Message:Expected Result: Please select an item in the list.  Actual Result: Please fill in this field.
18:53:09.998 [main] INFO  TC_For_Signup.Carrier_Step_1_Alerts_verificationTest - *Verify the actual result and expected result*
18:53:10.998 [main] INFO  TC_For_Signup.Carrier_Step_1_Alerts_verificationTest - *Verified firstname_field_alert*
18:53:12.194 [main] INFO  TC_For_Signup.Carrier_Step_1_Alerts_verificationTest - *email_field_alert test case started*
18:53:12.226 [main] INFO  TC_For_Signup.Carrier_Step_1_Alerts_verificationTest - email field Validation Message:Expected Result: Please fill in this field.  Actual Result: Please fill in this field.
18:53:13.226 [main] INFO  TC_For_Signup.Carrier_Step_1_Alerts_verificationTest - *Verified email_field_alert*
18:53:14.459 [main] INFO  TC_For_Signup.Carrier_Step_1_Alerts_verificationTest - *option_field_alert test case started*
18:53:14.496 [main] INFO  TC_For_Signup.Carrier_Step_1_Alerts_verificationTest - option field Validation Message:Expected Result: Please select an item in the list.  Actual Result: Please select an item in the list.
18:53:14.497 [main] INFO  TC_For_Signup.Carrier_Step_1_Alerts_verificationTest - *Verified option_field_alert*
18:53:16.723 [main] INFO  TC_For_Signup.Carrier_Step_1_Alerts_verificationTest - *Password_field_alert test case started*
18:53:16.758 [main] INFO  TC_For_Signup.Carrier_Step_1_Alerts_verificationTest - password field Validation Message:Expected Result: Please fill in this field.  Actual Result: Please fill in this field.
18:53:17.758 [main] INFO  TC_For_Signup.Carrier_Step_1_Alerts_verificationTest - *Verified Password_field_alert*
18:53:18.960 [main] INFO  TC_For_Signup.Carrier_Step_1_Alerts_verificationTest - Confirmpassword field Validation Message:Expected Result: Please fill in this field.  Actual Result: Please fill in this field.
18:53:19.960 [main] INFO  TC_For_Signup.Carrier_Step_1_Alerts_verificationTest - *Verified confirm_passowrd_field_alert*
18:53:21.063 [main] INFO  TC_For_Signup.Carrier_Step_1_Alerts_verificationTest - *****Checking the password_validation_alert*****
18:53:21.388 [main] INFO  TC_For_Signup.Carrier_Step_1_Alerts_verificationTest - If Password and confirm password is not matched : Password and ConfirmPassword did not matched
18:53:23.553 [main] INFO  TC_For_Signup.Carrier_Step_1_Alerts_verificationTest - If password is not valid : Password must be at least 8 characters long, contain an uppercase letter, a lowercase letter, a number, and a special character.
18:53:26.711 [main] INFO  TC_For_Signup.Carrier_Step_1_Alerts_verificationTest - password field Validation Message:Expected Result: Please lengthen this text to 8 characters or more (you are currently using 2 characters  Actual Result: 
18:53:26.711 [main] INFO  TC_For_Signup.Carrier_Step_1_Alerts_verificationTest - *Validated the password_validation_alert*
18:53:26.789 [main] INFO  TC_For_Signup.Carrier_Step_1_Alerts_verificationTest - *Finished Carrier_Step_1_Alerts_verificationTest*
12:19:16.500 [main] INFO  TC_For_Signup.Carrier_Step_2_Alerts_verificationTest - Role field Validation Message:Expected Result: Please Fill in this field. Actual Result: Please fill in this field.
12:19:16.503 [main] INFO  TC_For_Signup.Carrier_Step_2_Alerts_verificationTest - *Verify the actual result and expected result*
12:19:16.601 [main] INFO  TC_For_Signup.Carrier_Step_2_Alerts_verificationTest - Role field Validation Message:Expected Result: Please Fill in this field. Actual Result: Please fill in this field.
12:19:16.601 [main] INFO  TC_For_Signup.Carrier_Step_2_Alerts_verificationTest - *Verify the actual result and expected result*
12:19:16.679 [main] INFO  TC_For_Signup.Carrier_Step_2_Alerts_verificationTest - Role field Validation Message:Expected Result: Please Fill in this field. Actual Result: Please fill in this field.
12:19:16.679 [main] INFO  TC_For_Signup.Carrier_Step_2_Alerts_verificationTest - *Verify the actual result and expected result*
12:22:40.572 [main] INFO  TC_For_Signup.Carrier_Step_2_Alerts_verificationTest - Role field Validation Message:Expected Result: Please Fill in this field. Actual Result: Please fill in this field.
12:22:40.575 [main] INFO  TC_For_Signup.Carrier_Step_2_Alerts_verificationTest - *Verify the actual result and expected result*
12:22:42.695 [main] INFO  TC_For_Signup.Carrier_Step_2_Alerts_verificationTest - Role field Validation Message:Expected Result: Please Fill in this field. Actual Result: Please fill in this field.
12:22:42.695 [main] INFO  TC_For_Signup.Carrier_Step_2_Alerts_verificationTest - *Verify the actual result and expected result*
12:22:44.805 [main] INFO  TC_For_Signup.Carrier_Step_2_Alerts_verificationTest - Role field Validation Message:Expected Result: Please Fill in this field. Actual Result: Please fill in this field.
12:22:44.806 [main] INFO  TC_For_Signup.Carrier_Step_2_Alerts_verificationTest - *Verify the actual result and expected result*
12:28:27.150 [main] INFO  TC_For_Signup.Carrier_Step_2_Alerts_verificationTest - Role field Validation Message:Expected Result: Please Fill in this field. Actual Result: Please fill in this field.
12:28:27.153 [main] INFO  TC_For_Signup.Carrier_Step_2_Alerts_verificationTest - *Verify the actual result and expected result*
12:29:42.811 [main] INFO  TC_For_Signup.Carrier_Step_2_Alerts_verificationTest - Role field Validation Message:Expected Result: Please Fill in this field. Actual Result: Please fill in this field.
12:29:42.817 [main] INFO  TC_For_Signup.Carrier_Step_2_Alerts_verificationTest - *Verify the actual result and expected result*
12:50:22.132 [main] INFO  TC_For_Signup.Carrier_Step_2_Alerts_verificationTest - firstname field Validation Message:Expected Result: Please fill in this field.  Actual Result: Please fill in this field.
12:51:35.565 [main] INFO  TC_For_Signup.Carrier_SignUp_with_valid_dataTest - *****Opening Browser*****
12:51:35.569 [main] INFO  TC_For_Signup.Carrier_SignUp_with_valid_dataTest - *****Started the SignUp_with_valid_dataTest*****
12:51:59.359 [main] INFO  TC_For_Signup.Carrier_SignUp_with_valid_dataTest - *****Finished the SignUp_with_valid_dataTest*****
12:52:46.755 [main] INFO  TC_For_Signup.Carrier_Step_2_Alerts_verificationTest - firstname field Validation Message:Expected Result: Please fill in this field.  Actual Result: Please fill in this field.
12:52:49.903 [main] INFO  TC_For_Signup.Carrier_Step_2_Alerts_verificationTest - Role field Validation Message:Expected Result: Please Fill in this field. Actual Result: Please fill in this field.
12:52:49.904 [main] INFO  TC_For_Signup.Carrier_Step_2_Alerts_verificationTest - *Verify the actual result and expected result*
12:52:51.996 [main] INFO  TC_For_Signup.Carrier_Step_2_Alerts_verificationTest - Role field Validation Message:Expected Result: Please Fill in this field. Actual Result: Please fill in this field.
12:52:51.997 [main] INFO  TC_For_Signup.Carrier_Step_2_Alerts_verificationTest - *Verify the actual result and expected result*
12:52:54.102 [main] INFO  TC_For_Signup.Carrier_Step_2_Alerts_verificationTest - Role field Validation Message:Expected Result: Please Fill in this field. Actual Result: Please fill in this field.
12:52:54.102 [main] INFO  TC_For_Signup.Carrier_Step_2_Alerts_verificationTest - *Verify the actual result and expected result*
12:54:11.454 [main] INFO  TC_For_Signup.Carrier_Step_2_Alerts_verificationTest - firstname field Validation Message:Expected Result: Please fill in this field.  Actual Result: Please fill in this field.
12:54:14.631 [main] INFO  TC_For_Signup.Carrier_Step_2_Alerts_verificationTest - Role field Validation Message:Expected Result: Please Fill in this field. Actual Result: Please fill in this field.
12:54:14.631 [main] INFO  TC_For_Signup.Carrier_Step_2_Alerts_verificationTest - *Verify the actual result and expected result*
12:54:16.728 [main] INFO  TC_For_Signup.Carrier_Step_2_Alerts_verificationTest - Role field Validation Message:Expected Result: Please Fill in this field. Actual Result: Please fill in this field.
12:54:16.728 [main] INFO  TC_For_Signup.Carrier_Step_2_Alerts_verificationTest - *Verify the actual result and expected result*
12:54:18.826 [main] INFO  TC_For_Signup.Carrier_Step_2_Alerts_verificationTest - Role field Validation Message:Expected Result: Please Fill in this field. Actual Result: Please fill in this field.
12:54:18.826 [main] INFO  TC_For_Signup.Carrier_Step_2_Alerts_verificationTest - *Verify the actual result and expected result*
12:56:42.318 [main] INFO  TC_For_Signup.Carrier_Step_2_Alerts_verificationTest - firstname field Validation Message:Expected Result: Please fill in this field.  Actual Result: Please fill in this field.
12:56:45.479 [main] INFO  TC_For_Signup.Carrier_Step_2_Alerts_verificationTest - Role field Validation Message:Expected Result: Please Fill in this field. Actual Result: Please fill in this field.
12:56:45.480 [main] INFO  TC_For_Signup.Carrier_Step_2_Alerts_verificationTest - *Verify the actual result and expected result*
12:56:47.613 [main] INFO  TC_For_Signup.Carrier_Step_2_Alerts_verificationTest - Role field Validation Message:Expected Result: Please Fill in this field. Actual Result: Please fill in this field.
12:56:47.614 [main] INFO  TC_For_Signup.Carrier_Step_2_Alerts_verificationTest - *Verify the actual result and expected result*
12:56:49.707 [main] INFO  TC_For_Signup.Carrier_Step_2_Alerts_verificationTest - Role field Validation Message:Expected Result: Please Fill in this field. Actual Result: Please fill in this field.
12:56:49.707 [main] INFO  TC_For_Signup.Carrier_Step_2_Alerts_verificationTest - *Verify the actual result and expected result*
12:57:59.147 [main] INFO  TC_For_Signup.Carrier_Step_2_Alerts_verificationTest - firstname field Validation Message:Expected Result: Please fill in this field.  Actual Result: Please fill in this field.
12:58:04.487 [main] INFO  TC_For_Signup.Carrier_Step_2_Alerts_verificationTest - Role field Validation Message:Expected Result: Please Fill in this field. Actual Result: Please fill in this field.
12:58:04.487 [main] INFO  TC_For_Signup.Carrier_Step_2_Alerts_verificationTest - *Verify the actual result and expected result*
12:58:06.581 [main] INFO  TC_For_Signup.Carrier_Step_2_Alerts_verificationTest - Role field Validation Message:Expected Result: Please Fill in this field. Actual Result: Please fill in this field.
12:58:06.581 [main] INFO  TC_For_Signup.Carrier_Step_2_Alerts_verificationTest - *Verify the actual result and expected result*
12:59:00.408 [main] INFO  TC_For_Signup.Carrier_Step_2_Alerts_verificationTest - firstname field Validation Message:Expected Result: Please fill in this field.  Actual Result: Please fill in this field.
13:01:04.546 [main] INFO  TC_For_Signup.Carrier_Step_2_Alerts_verificationTest - firstname field Validation Message:Expected Result: Please fill in this field.  Actual Result: Please fill in this field.
13:04:07.822 [main] INFO  TC_For_Signup.Carrier_Step_2_Alerts_verificationTest - firstname field Validation Message:Expected Result: Please fill in this field.  Actual Result: Please fill in this field.
13:05:06.598 [main] INFO  TC_For_Signup.Carrier_Step_2_Alerts_verificationTest - firstname field Validation Message:Expected Result: Please fill in this field.  Actual Result: Please fill in this field.
13:05:43.583 [main] INFO  TC_For_Signup.Carrier_Step_2_Alerts_verificationTest - firstname field Validation Message:Expected Result: Please fill in this field.  Actual Result: Please fill in this field.
13:08:40.861 [main] INFO  TC_For_Signup.Carrier_Step_2_Alerts_verificationTest - firstname field Validation Message:Expected Result: Please fill in this field.  Actual Result: Please fill in this field.
13:09:52.520 [main] INFO  TC_For_Signup.Carrier_Step_2_Alerts_verificationTest - firstname field Validation Message:Expected Result: Please fill in this field.  Actual Result: Please fill in this field.
13:09:55.678 [main] INFO  TC_For_Signup.Carrier_Step_2_Alerts_verificationTest - firstname field Validation Message:Expected Result: Please fill in this field.  Actual Result: Please fill in this field.
13:11:02.420 [main] INFO  TC_For_Signup.Carrier_Step_2_Alerts_verificationTest - firstname field Validation Message:Expected Result: Please fill in this field.  Actual Result: Please fill in this field.
13:12:00.002 [main] INFO  TC_For_Signup.Carrier_Step_2_Alerts_verificationTest - firstname field Validation Message:Expected Result: Please fill in this field.  Actual Result: Please fill in this field.
13:12:03.149 [main] INFO  TC_For_Signup.Carrier_Step_2_Alerts_verificationTest - firstname field Validation Message:Expected Result: Please fill in this field.  Actual Result: Please fill in this field.
13:12:55.692 [main] INFO  TC_For_Signup.Carrier_Step_2_Alerts_verificationTest - firstname field Validation Message:Expected Result: Please fill in this field.  Actual Result: Please fill in this field.
13:12:58.835 [main] INFO  TC_For_Signup.Carrier_Step_2_Alerts_verificationTest - firstname field Validation Message:Expected Result: Please fill in this field.  Actual Result: Please fill in this field.
13:13:01.979 [main] INFO  TC_For_Signup.Carrier_Step_2_Alerts_verificationTest - Role field Validation Message:Expected Result: Please Fill in this field. Actual Result: Please fill in this field.
13:13:01.979 [main] INFO  TC_For_Signup.Carrier_Step_2_Alerts_verificationTest - *Verify the actual result and expected result*
13:13:04.116 [main] INFO  TC_For_Signup.Carrier_Step_2_Alerts_verificationTest - Role field Validation Message:Expected Result: Please Fill in this field. Actual Result: Please fill in this field.
13:13:04.117 [main] INFO  TC_For_Signup.Carrier_Step_2_Alerts_verificationTest - *Verify the actual result and expected result*
13:24:26.957 [main] INFO  TC_For_Signup.Carrier_Step_2_Alerts_verificationTest - firstname field Validation Message:Expected Result: Please fill in this field.  Actual Result: Please fill in this field.
13:24:30.118 [main] INFO  TC_For_Signup.Carrier_Step_2_Alerts_verificationTest - firstname field Validation Message:Expected Result: Please fill in this field.  Actual Result: Please fill in this field.
13:24:33.276 [main] INFO  TC_For_Signup.Carrier_Step_2_Alerts_verificationTest - firstname field Validation Message:Expected Result: Please fill in this field.  Actual Result: Please fill in this field.
13:24:36.410 [main] INFO  TC_For_Signup.Carrier_Step_2_Alerts_verificationTest - firstname field Validation Message:Expected Result: Please fill in this field.  Actual Result: Please fill in this field.
13:25:31.369 [main] INFO  TC_For_Signup.Carrier_Step_2_Alerts_verificationTest - firstname field Validation Message:Expected Result: Please fill in this field.  Actual Result: Please fill in this field.
13:25:34.524 [main] INFO  TC_For_Signup.Carrier_Step_2_Alerts_verificationTest - firstname field Validation Message:Expected Result: Please fill in this field.  Actual Result: Please fill in this field.
13:25:37.679 [main] INFO  TC_For_Signup.Carrier_Step_2_Alerts_verificationTest - firstname field Validation Message:Expected Result: Please fill in this field.  Actual Result: Please fill in this field.
13:25:40.810 [main] INFO  TC_For_Signup.Carrier_Step_2_Alerts_verificationTest - firstname field Validation Message:Expected Result: Please fill in this field.  Actual Result: Please fill in this field.
13:25:43.980 [main] INFO  TC_For_Signup.Carrier_Step_2_Alerts_verificationTest - When location is not selectedPlease select a location from the suggestions.
13:25:43.986 [main] INFO  TC_For_Signup.Carrier_Step_2_Alerts_verificationTest - Location field Validation Message:Expected Result: Please select a location from the suggestions.
Actual Result: null
13:25:43.986 [main] INFO  TC_For_Signup.Carrier_Step_2_Alerts_verificationTest - *Verify the actual result and expected result*
13:27:14.309 [main] INFO  TC_For_Signup.Carrier_Step_2_Alerts_verificationTest - firstname field Validation Message:Expected Result: Please fill in this field.  Actual Result: Please fill in this field.
13:27:17.454 [main] INFO  TC_For_Signup.Carrier_Step_2_Alerts_verificationTest - firstname field Validation Message:Expected Result: Please fill in this field.  Actual Result: Please fill in this field.
13:27:20.625 [main] INFO  TC_For_Signup.Carrier_Step_2_Alerts_verificationTest - firstname field Validation Message:Expected Result: Please fill in this field.  Actual Result: Please fill in this field.
13:27:23.757 [main] INFO  TC_For_Signup.Carrier_Step_2_Alerts_verificationTest - firstname field Validation Message:Expected Result: Please fill in this field.  Actual Result: Please fill in this field.
13:27:26.935 [main] INFO  TC_For_Signup.Carrier_Step_2_Alerts_verificationTest - When location is not selectedPlease select a location from the suggestions.
13:27:26.935 [main] INFO  TC_For_Signup.Carrier_Step_2_Alerts_verificationTest - Location field Validation Message:Expected Result: Please select a location from the suggestions.
Actual Result: [[ChromeDriver: chrome on linux (10055b2c0926725bb66255dc71a67be8)] -> xpath: /html[1]/body[1]/div[1]/div[1]/div[1]/div[1]/div[1]/div[2]/form[1]/div[2]/div[1]/div[1]/div[1]/span[1]]
13:27:26.935 [main] INFO  TC_For_Signup.Carrier_Step_2_Alerts_verificationTest - *Verify the actual result and expected result*
13:28:47.675 [main] INFO  TC_For_Signup.Carrier_Step_2_Alerts_verificationTest - firstname field Validation Message:Expected Result: Please fill in this field.  Actual Result: Please fill in this field.
13:28:50.880 [main] INFO  TC_For_Signup.Carrier_Step_2_Alerts_verificationTest - firstname field Validation Message:Expected Result: Please fill in this field.  Actual Result: Please fill in this field.
13:28:54.027 [main] INFO  TC_For_Signup.Carrier_Step_2_Alerts_verificationTest - firstname field Validation Message:Expected Result: Please fill in this field.  Actual Result: Please fill in this field.
13:29:25.117 [main] INFO  TC_For_Signup.Carrier_Step_2_Alerts_verificationTest - firstname field Validation Message:Expected Result: Please fill in this field.  Actual Result: Please fill in this field.
13:29:28.271 [main] INFO  TC_For_Signup.Carrier_Step_2_Alerts_verificationTest - firstname field Validation Message:Expected Result: Please fill in this field.  Actual Result: Please fill in this field.
13:29:31.421 [main] INFO  TC_For_Signup.Carrier_Step_2_Alerts_verificationTest - firstname field Validation Message:Expected Result: Please fill in this field.  Actual Result: Please fill in this field.
13:29:34.547 [main] INFO  TC_For_Signup.Carrier_Step_2_Alerts_verificationTest - firstname field Validation Message:Expected Result: Please fill in this field.  Actual Result: Please fill in this field.
13:29:37.726 [main] INFO  TC_For_Signup.Carrier_Step_2_Alerts_verificationTest - When location is not selectedPlease select a location from the suggestions.
13:29:37.726 [main] INFO  TC_For_Signup.Carrier_Step_2_Alerts_verificationTest - Location field Validation Message:Expected Result: Please select a location from the suggestions.
Actual Result: Please select a location from the suggestions.
13:29:37.727 [main] INFO  TC_For_Signup.Carrier_Step_2_Alerts_verificationTest - *Verify the actual result and expected result*
14:34:13.055 [main] INFO  TC_For_Signup.Carrier_Step_2_Alerts_verificationTest - firstname field Validation Message:Expected Result: Please fill in this field.  Actual Result: Please fill in this field.
14:34:14.228 [main] INFO  TC_For_Signup.Carrier_Step_2_Alerts_verificationTest - firstname field Validation Message:Expected Result: Please fill in this field.  Actual Result: Please fill in this field.
14:34:16.373 [main] INFO  TC_For_Signup.Carrier_Step_2_Alerts_verificationTest - firstname field Validation Message:Expected Result: Please fill in this field.  Actual Result: Please fill in this field.
14:34:38.637 [main] INFO  TC_For_Signup.Carrier_Step_2_Alerts_verificationTest - firstname field Validation Message:Expected Result: Please fill in this field.  Actual Result: Please fill in this field.
14:34:39.790 [main] INFO  TC_For_Signup.Carrier_Step_2_Alerts_verificationTest - firstname field Validation Message:Expected Result: Please fill in this field.  Actual Result: Please fill in this field.
14:34:41.940 [main] INFO  TC_For_Signup.Carrier_Step_2_Alerts_verificationTest - firstname field Validation Message:Expected Result: Please fill in this field.  Actual Result: Please fill in this field.
14:35:22.261 [main] INFO  TC_For_Signup.Carrier_Step_2_Alerts_verificationTest - firstname field Validation Message:Expected Result: Please fill in this field.  Actual Result: Please fill in this field.
14:35:23.412 [main] INFO  TC_For_Signup.Carrier_Step_2_Alerts_verificationTest - firstname field Validation Message:Expected Result: Please fill in this field.  Actual Result: Please fill in this field.
14:35:25.567 [main] INFO  TC_For_Signup.Carrier_Step_2_Alerts_verificationTest - firstname field Validation Message:Expected Result: Please fill in this field.  Actual Result: Please fill in this field.
14:36:02.799 [main] INFO  TC_For_Signup.Carrier_Step_2_Alerts_verificationTest - firstname field Validation Message:Expected Result: Please fill in this field.  Actual Result: Please fill in this field.
14:36:03.955 [main] INFO  TC_For_Signup.Carrier_Step_2_Alerts_verificationTest - firstname field Validation Message:Expected Result: Please fill in this field.  Actual Result: Please fill in this field.
14:36:06.129 [main] INFO  TC_For_Signup.Carrier_Step_2_Alerts_verificationTest - firstname field Validation Message:Expected Result: Please fill in this field.  Actual Result: Please fill in this field.
14:36:39.971 [main] INFO  TC_For_Signup.Carrier_Step_2_Alerts_verificationTest - firstname field Validation Message:Expected Result: Please fill in this field.  Actual Result: Please fill in this field.
14:36:41.146 [main] INFO  TC_For_Signup.Carrier_Step_2_Alerts_verificationTest - firstname field Validation Message:Expected Result: Please fill in this field.  Actual Result: Please fill in this field.
14:36:43.331 [main] INFO  TC_For_Signup.Carrier_Step_2_Alerts_verificationTest - firstname field Validation Message:Expected Result: Please fill in this field.  Actual Result: Please fill in this field.
14:37:18.219 [main] INFO  TC_For_Signup.Carrier_Step_2_Alerts_verificationTest - firstname field Validation Message:Expected Result: Please fill in this field.  Actual Result: Please fill in this field.
14:37:20.363 [main] INFO  TC_For_Signup.Carrier_Step_2_Alerts_verificationTest - firstname field Validation Message:Expected Result: Please fill in this field.  Actual Result: Please fill in this field.
14:37:21.524 [main] INFO  TC_For_Signup.Carrier_Step_2_Alerts_verificationTest - firstname field Validation Message:Expected Result: Please fill in this field.  Actual Result: Please fill in this field.
14:37:51.601 [main] INFO  TC_For_Signup.Carrier_Step_2_Alerts_verificationTest - firstname field Validation Message:Expected Result: Please fill in this field.  Actual Result: Please fill in this field.
14:37:51.755 [main] INFO  TC_For_Signup.Carrier_Step_2_Alerts_verificationTest - firstname field Validation Message:Expected Result: Please fill in this field.  Actual Result: Please fill in this field.
14:37:52.892 [main] INFO  TC_For_Signup.Carrier_Step_2_Alerts_verificationTest - firstname field Validation Message:Expected Result: Please fill in this field.  Actual Result: Please fill in this field.
14:37:55.023 [main] INFO  TC_For_Signup.Carrier_Step_2_Alerts_verificationTest - firstname field Validation Message:Expected Result: Please fill in this field.  Actual Result: Please fill in this field.
14:37:55.194 [main] INFO  TC_For_Signup.Carrier_Step_2_Alerts_verificationTest - When location is not selectedPlease select a location from the suggestions.
14:37:55.194 [main] INFO  TC_For_Signup.Carrier_Step_2_Alerts_verificationTest - Location field Validation Message:Expected Result: Please select a location from the suggestions.
Actual Result: Please select a location from the suggestions.
14:38:40.973 [main] INFO  TC_For_Signup.Carrier_Step_2_Alerts_verificationTest - firstname field Validation Message:Expected Result: Please fill in this field.  Actual Result: Please fill in this field.
14:38:41.141 [main] INFO  TC_For_Signup.Carrier_Step_2_Alerts_verificationTest - firstname field Validation Message:Expected Result: Please fill in this field.  Actual Result: Please fill in this field.
14:38:41.286 [main] INFO  TC_For_Signup.Carrier_Step_2_Alerts_verificationTest - firstname field Validation Message:Expected Result: Please fill in this field.  Actual Result: Please fill in this field.
14:38:41.422 [main] INFO  TC_For_Signup.Carrier_Step_2_Alerts_verificationTest - firstname field Validation Message:Expected Result: Please fill in this field.  Actual Result: Please fill in this field.
14:38:41.584 [main] INFO  TC_For_Signup.Carrier_Step_2_Alerts_verificationTest - When location is not selectedPlease select a location from the suggestions.
14:38:41.584 [main] INFO  TC_For_Signup.Carrier_Step_2_Alerts_verificationTest - Location field Validation Message:Expected Result: Please select a location from the suggestions.
Actual Result: Please select a location from the suggestions.
14:45:35.129 [main] INFO  TC_For_Signup.Carrier_Step_2_Alerts_verificationTest - *Started Carrier_Step_2_Alerts_verificationTest *
14:45:35.132 [main] INFO  TC_For_Signup.Carrier_Step_2_Alerts_verificationTest - *Browser Opened*
14:45:38.681 [main] INFO  TC_For_Signup.Carrier_Step_2_Alerts_verificationTest - ✅ Test passed: Sign Up First Page Form filled and progressed successfully.
14:45:39.755 [main] INFO  TC_For_Signup.Carrier_Step_2_Alerts_verificationTest - *Verify State field alert*
14:45:39.778 [main] INFO  TC_For_Signup.Carrier_Step_2_Alerts_verificationTest - firstname field Validation Message:Expected Result: Please fill in this field.  Actual Result: Please fill in this field.
14:45:39.839 [main] INFO  TC_For_Signup.Carrier_Step_2_Alerts_verificationTest - *Verified State field alert*
14:45:39.907 [main] INFO  TC_For_Signup.Carrier_Step_2_Alerts_verificationTest - *Verify City field alert*
14:45:39.927 [main] INFO  TC_For_Signup.Carrier_Step_2_Alerts_verificationTest - firstname field Validation Message:Expected Result: Please fill in this field.  Actual Result: Please fill in this field.
14:45:39.928 [main] INFO  TC_For_Signup.Carrier_Step_2_Alerts_verificationTest - *Verified City field alert*
14:45:40.045 [main] INFO  TC_For_Signup.Carrier_Step_2_Alerts_verificationTest - **Verify Zipcode field alert*
14:45:40.065 [main] INFO  TC_For_Signup.Carrier_Step_2_Alerts_verificationTest - firstname field Validation Message:Expected Result: Please fill in this field.  Actual Result: Please fill in this field.
14:45:40.065 [main] INFO  TC_For_Signup.Carrier_Step_2_Alerts_verificationTest - **Verified Zipcode field alert*
14:45:40.174 [main] INFO  TC_For_Signup.Carrier_Step_2_Alerts_verificationTest - **Verify Country field alert*
14:45:40.194 [main] INFO  TC_For_Signup.Carrier_Step_2_Alerts_verificationTest - firstname field Validation Message:Expected Result: Please fill in this field.  Actual Result: Please fill in this field.
14:45:40.195 [main] INFO  TC_For_Signup.Carrier_Step_2_Alerts_verificationTest - **Verified Country field alert*
14:45:40.325 [main] INFO  TC_For_Signup.Carrier_Step_2_Alerts_verificationTest - **Verify Location field alert*
14:45:40.351 [main] INFO  TC_For_Signup.Carrier_Step_2_Alerts_verificationTest - When location is not selectedPlease select a location from the suggestions.
14:45:40.352 [main] INFO  TC_For_Signup.Carrier_Step_2_Alerts_verificationTest - Location field Validation Message:Expected Result: Please select a location from the suggestions.Actual Result: Please select a location from the suggestions.
14:45:40.352 [main] INFO  TC_For_Signup.Carrier_Step_2_Alerts_verificationTest - **Verified Location field alert*
14:45:40.437 [main] INFO  TC_For_Signup.Carrier_Step_2_Alerts_verificationTest - *Finished Carrier_Step_2_Alerts_verificationTest *
15:02:12.699 [main] INFO  TC_For_Signup.Carrier_Step_3_Alerts_verificationTest - *Started Carrier_Step_2_Alerts_verificationTest *
15:02:12.702 [main] INFO  TC_For_Signup.Carrier_Step_3_Alerts_verificationTest - *Browser Opened*
15:02:16.215 [main] INFO  TC_For_Signup.Carrier_Step_3_Alerts_verificationTest - ✅ Test passed: Sign Up First Page Form filled and progressed successfully.
15:02:20.560 [main] INFO  TC_For_Signup.Carrier_Step_3_Alerts_verificationTest - ✅ Test passed: Sign Up Second Page Form filled and progressed successfully.
15:02:21.633 [main] INFO  TC_For_Signup.Carrier_Step_3_Alerts_verificationTest - *Verify Company field alert*
15:02:21.656 [main] INFO  TC_For_Signup.Carrier_Step_3_Alerts_verificationTest - Company field Validation alert: Expected Result: Please fill in this field.  Actual Result: Please fill in this field.
15:02:21.719 [main] INFO  TC_For_Signup.Carrier_Step_3_Alerts_verificationTest - *Verified Company field alert*
15:02:22.792 [main] INFO  TC_For_Signup.Carrier_Step_3_Alerts_verificationTest - *Verify DOT field alert*
15:02:22.817 [main] INFO  TC_For_Signup.Carrier_Step_3_Alerts_verificationTest - DOT field Validation alert: Expected Result: Please fill in this field.  Actual Result: Please fill in this field.
15:02:22.880 [main] INFO  TC_For_Signup.Carrier_Step_3_Alerts_verificationTest - *Verified DOT field alert*
15:02:23.952 [main] INFO  TC_For_Signup.Carrier_Step_3_Alerts_verificationTest - *Verify MC field alert*
15:02:23.978 [main] INFO  TC_For_Signup.Carrier_Step_3_Alerts_verificationTest - MC field Validation alert: Expected Result: Please fill in this field.  Actual Result: Please fill in this field.
15:02:24.064 [main] INFO  TC_For_Signup.Carrier_Step_3_Alerts_verificationTest - *Verified MC field alert*
15:02:25.134 [main] INFO  TC_For_Signup.Carrier_Step_3_Alerts_verificationTest - *Verify Tax field alert*
15:02:25.159 [main] INFO  TC_For_Signup.Carrier_Step_3_Alerts_verificationTest - Tax field Validation alert: Expected Result: Please fill in this field.  Actual Result: Please fill in this field.
15:02:25.203 [main] INFO  TC_For_Signup.Carrier_Step_3_Alerts_verificationTest - *Verified Tax field alert*
15:03:32.415 [main] INFO  TC_For_Signup.Carrier_Step_3_Alerts_verificationTest - *Started Carrier_Step_2_Alerts_verificationTest *
15:03:32.418 [main] INFO  TC_For_Signup.Carrier_Step_3_Alerts_verificationTest - *Browser Opened*
15:03:35.797 [main] INFO  TC_For_Signup.Carrier_Step_3_Alerts_verificationTest - ✅ Test passed: Sign Up First Page Form filled and progressed successfully.
15:03:40.651 [main] INFO  TC_For_Signup.Carrier_Step_3_Alerts_verificationTest - ✅ Test passed: Sign Up Second Page Form filled and progressed successfully.
15:03:41.742 [main] INFO  TC_For_Signup.Carrier_Step_3_Alerts_verificationTest - *Verify Company field alert*
15:03:41.774 [main] INFO  TC_For_Signup.Carrier_Step_3_Alerts_verificationTest - Company field Validation alert: Expected Result: Please fill in this field.  Actual Result: Please fill in this field.
15:03:41.860 [main] INFO  TC_For_Signup.Carrier_Step_3_Alerts_verificationTest - *Verified Company field alert*
15:03:42.935 [main] INFO  TC_For_Signup.Carrier_Step_3_Alerts_verificationTest - *Verify Tax field alert*
15:03:42.959 [main] INFO  TC_For_Signup.Carrier_Step_3_Alerts_verificationTest - Tax field Validation alert: Expected Result: Please fill in this field.  Actual Result: Please fill in this field.
15:03:43.007 [main] INFO  TC_For_Signup.Carrier_Step_3_Alerts_verificationTest - *Verified Tax field alert*
15:03:44.072 [main] INFO  TC_For_Signup.Carrier_Step_3_Alerts_verificationTest - *Verify MC field alert*
15:03:44.094 [main] INFO  TC_For_Signup.Carrier_Step_3_Alerts_verificationTest - MC field Validation alert: Expected Result: Please fill in this field.  Actual Result: Please fill in this field.
15:03:44.146 [main] INFO  TC_For_Signup.Carrier_Step_3_Alerts_verificationTest - *Verified MC field alert*
15:03:45.212 [main] INFO  TC_For_Signup.Carrier_Step_3_Alerts_verificationTest - *Verify DOT field alert*
15:03:45.234 [main] INFO  TC_For_Signup.Carrier_Step_3_Alerts_verificationTest - DOT field Validation alert: Expected Result: Please fill in this field.  Actual Result: Please fill in this field.
15:03:45.287 [main] INFO  TC_For_Signup.Carrier_Step_3_Alerts_verificationTest - *Verified DOT field alert*
15:23:33.336 [main] INFO  TC_For_Signup.Carrier_Step_4_Alerts_verificationTest - *Started Carrier_Step_2_Alerts_verificationTest *
15:23:33.338 [main] INFO  TC_For_Signup.Carrier_Step_4_Alerts_verificationTest - *Browser Opened*
15:23:36.826 [main] INFO  TC_For_Signup.Carrier_Step_4_Alerts_verificationTest - ✅ Test passed: Sign Up First Page Form filled and progressed successfully.
15:23:41.152 [main] INFO  TC_For_Signup.Carrier_Step_4_Alerts_verificationTest - ✅ Test passed: Sign Up Second Page Form filled and progressed successfully.
15:24:18.968 [main] INFO  TC_For_Signup.Carrier_Step_4_Alerts_verificationTest - *Started Carrier_Step_2_Alerts_verificationTest *
15:24:18.971 [main] INFO  TC_For_Signup.Carrier_Step_4_Alerts_verificationTest - *Browser Opened*
15:24:22.606 [main] INFO  TC_For_Signup.Carrier_Step_4_Alerts_verificationTest - ✅ Test passed: Sign Up First Page Form filled and progressed successfully.
15:24:29.127 [main] INFO  TC_For_Signup.Carrier_Step_4_Alerts_verificationTest - ✅ Test passed: Sign Up Second Page Form filled and progressed successfully.
15:24:30.412 [main] INFO  TC_For_Signup.Carrier_Step_4_Alerts_verificationTest - ✅ Test passed: Sign Up Third Page Form filled and progressed successfully.
15:25:53.557 [main] INFO  TC_For_Signup.Carrier_Step_4_Alerts_verificationTest - *Started Carrier_Step_2_Alerts_verificationTest *
15:25:53.560 [main] INFO  TC_For_Signup.Carrier_Step_4_Alerts_verificationTest - *Browser Opened*
15:25:56.964 [main] INFO  TC_For_Signup.Carrier_Step_4_Alerts_verificationTest - ✅ Test passed: Sign Up First Page Form filled and progressed successfully.
15:26:03.205 [main] INFO  TC_For_Signup.Carrier_Step_4_Alerts_verificationTest - ✅ Test passed: Sign Up Second Page Form filled and progressed successfully.
15:26:04.368 [main] INFO  TC_For_Signup.Carrier_Step_4_Alerts_verificationTest - ✅ Test passed: Sign Up Third Page Form filled and progressed successfully.
15:26:16.510 [main] INFO  TC_For_Signup.Carrier_Step_4_Alerts_verificationTest - *Verify Solo Truck field alert*
15:26:16.531 [main] INFO  TC_For_Signup.Carrier_Step_4_Alerts_verificationTest - Solo Truck  field Validation alert: Expected Result: Please fill in this field.  Actual Result: Please fill in this field.
15:26:16.581 [main] INFO  TC_For_Signup.Carrier_Step_4_Alerts_verificationTest - *Verified Solo Truck  field alert*
15:26:17.639 [main] INFO  TC_For_Signup.Carrier_Step_4_Alerts_verificationTest - *Verify Team truck field alert*
15:26:17.660 [main] INFO  TC_For_Signup.Carrier_Step_4_Alerts_verificationTest - Team truck field Validation alert: Expected Result: Please fill in this field.  Actual Result: Please fill in this field.
15:26:17.708 [main] INFO  TC_For_Signup.Carrier_Step_4_Alerts_verificationTest - *Verified Team truck field alert*
15:27:58.045 [main] INFO  TC_For_Signup.Carrier_Step_4_Alerts_verificationTest - *Started Carrier_Step_2_Alerts_verificationTest *
15:27:58.047 [main] INFO  TC_For_Signup.Carrier_Step_4_Alerts_verificationTest - *Browser Opened*
15:28:01.926 [main] INFO  TC_For_Signup.Carrier_Step_4_Alerts_verificationTest - ✅ Test passed: Sign Up First Page Form filled and progressed successfully.
15:28:08.226 [main] INFO  TC_For_Signup.Carrier_Step_4_Alerts_verificationTest - ✅ Test passed: Sign Up Second Page Form filled and progressed successfully.
15:28:09.460 [main] INFO  TC_For_Signup.Carrier_Step_4_Alerts_verificationTest - ✅ Test passed: Sign Up Third Page Form filled and progressed successfully.
15:28:10.531 [main] INFO  TC_For_Signup.Carrier_Step_4_Alerts_verificationTest - *Verify Trailers field alert*
15:28:10.555 [main] INFO  TC_For_Signup.Carrier_Step_4_Alerts_verificationTest - Trailers field Validation alert: Expected Result: Please fill in this field.  Actual Result: Please fill in this field.
15:28:10.611 [main] INFO  TC_For_Signup.Carrier_Step_4_Alerts_verificationTest - *Verified Trailers field alert*
15:28:11.673 [main] INFO  TC_For_Signup.Carrier_Step_4_Alerts_verificationTest - *Verify Solo Truck field alert*
15:28:11.710 [main] INFO  TC_For_Signup.Carrier_Step_4_Alerts_verificationTest - Solo Truck  field Validation alert: Expected Result: Please fill in this field.  Actual Result: Please fill in this field.
15:28:11.757 [main] INFO  TC_For_Signup.Carrier_Step_4_Alerts_verificationTest - *Verified Solo Truck  field alert*
15:28:12.816 [main] INFO  TC_For_Signup.Carrier_Step_4_Alerts_verificationTest - *Verify Team truck field alert*
15:28:12.835 [main] INFO  TC_For_Signup.Carrier_Step_4_Alerts_verificationTest - Team truck field Validation alert: Expected Result: Please fill in this field.  Actual Result: Please fill in this field.
15:28:12.880 [main] INFO  TC_For_Signup.Carrier_Step_4_Alerts_verificationTest - *Verified Team truck field alert*
15:28:14.526 [main] INFO  TC_For_Signup.Carrier_Step_4_Alerts_verificationTest - Toast message: Please select any trailter type.
15:37:23.832 [main] INFO  TC_For_Signup.Carrier_Step_4_Alerts_verificationTest - *Started Carrier_Step_2_Alerts_verificationTest *
15:37:23.835 [main] INFO  TC_For_Signup.Carrier_Step_4_Alerts_verificationTest - *Browser Opened*
15:37:27.018 [main] INFO  TC_For_Signup.Carrier_Step_4_Alerts_verificationTest - ✅ Test passed: Sign Up First Page Form filled and progressed successfully.
15:37:33.337 [main] INFO  TC_For_Signup.Carrier_Step_4_Alerts_verificationTest - ✅ Test passed: Sign Up Second Page Form filled and progressed successfully.
15:37:34.485 [main] INFO  TC_For_Signup.Carrier_Step_4_Alerts_verificationTest - ✅ Test passed: Sign Up Third Page Form filled and progressed successfully.
15:37:35.556 [main] INFO  TC_For_Signup.Carrier_Step_4_Alerts_verificationTest - *Verify Trailers field alert*
15:37:35.580 [main] INFO  TC_For_Signup.Carrier_Step_4_Alerts_verificationTest - Trailers field Validation alert: Expected Result: Please fill in this field.  Actual Result: Please fill in this field.
15:37:35.633 [main] INFO  TC_For_Signup.Carrier_Step_4_Alerts_verificationTest - *Verified Trailers field alert*
15:37:36.692 [main] INFO  TC_For_Signup.Carrier_Step_4_Alerts_verificationTest - *Verify Solo Truck field alert*
15:37:36.730 [main] INFO  TC_For_Signup.Carrier_Step_4_Alerts_verificationTest - Solo Truck  field Validation alert: Expected Result: Please fill in this field.  Actual Result: Please fill in this field.
15:37:36.772 [main] INFO  TC_For_Signup.Carrier_Step_4_Alerts_verificationTest - *Verified Solo Truck  field alert*
15:37:37.829 [main] INFO  TC_For_Signup.Carrier_Step_4_Alerts_verificationTest - *Verify Team truck field alert*
15:37:37.849 [main] INFO  TC_For_Signup.Carrier_Step_4_Alerts_verificationTest - Team truck field Validation alert: Expected Result: Please fill in this field.  Actual Result: Please fill in this field.
15:37:37.891 [main] INFO  TC_For_Signup.Carrier_Step_4_Alerts_verificationTest - *Verified Team truck field alert*
15:37:40.966 [main] INFO  TC_For_Signup.Carrier_Step_4_Alerts_verificationTest - *Verify Dry van or Reefer checkbox alert*
15:37:40.991 [main] INFO  TC_For_Signup.Carrier_Step_4_Alerts_verificationTest - Toast message of Dry van or Reefer: Please select any trailter type.
15:37:40.991 [main] INFO  TC_For_Signup.Carrier_Step_4_Alerts_verificationTest - *Verified Dry van or Reefer checkbox alert*
15:37:44.121 [main] INFO  TC_For_Signup.Carrier_Step_4_Alerts_verificationTest - *Verify Terms and conditions checkbox alert*
15:37:44.142 [main] INFO  TC_For_Signup.Carrier_Step_4_Alerts_verificationTest - Toast message of Terms and conditions : Please fill the check box to accept terms and conditions.
15:37:44.206 [main] INFO  TC_For_Signup.Carrier_Step_4_Alerts_verificationTest - *Verified Terms and conditions checkbox alert*
15:53:09.831 [main] INFO  TC_For_Signup.Driver_SignUp_Test - *Started Driver_SignUp_Test*
15:53:09.840 [main] INFO  TC_For_Signup.Driver_SignUp_Test - *****Opening Browser*****
15:53:09.841 [main] INFO  TC_For_Signup.Driver_SignUp_Test - *****Started the SignUp_with_valid_dataTest*****
15:53:14.339 [main] INFO  TC_For_Signup.Driver_SignUp_Test - *****Select role as a driver*****
15:53:19.216 [main] INFO  TC_For_Signup.Driver_SignUp_Test - *****Verified first step active bar is activated*****
15:53:20.707 [main] INFO  TC_For_Signup.Driver_SignUp_Test - *****Filled data in Step one fields*****
15:54:00.970 [main] INFO  TC_For_Signup.Driver_SignUp_Test - *Started Driver_SignUp_Test*
15:54:00.984 [main] INFO  TC_For_Signup.Driver_SignUp_Test - *****Opening Browser*****
15:54:00.985 [main] INFO  TC_For_Signup.Driver_SignUp_Test - *****Started the SignUp_with_valid_dataTest*****
15:54:01.786 [main] INFO  TC_For_Signup.Driver_SignUp_Test - *****Select role as a driver*****
15:54:04.367 [main] INFO  TC_For_Signup.Driver_SignUp_Test - *****Verified first step active bar is activated*****
15:54:05.883 [main] INFO  TC_For_Signup.Driver_SignUp_Test - *****Filled data in Step one fields*****
15:54:08.002 [main] INFO  TC_For_Signup.Driver_SignUp_Test - *****Verified Second step active bar is activated*****
15:54:14.220 [main] INFO  TC_For_Signup.Driver_SignUp_Test - *****Filled data in Second Step page fields*****
15:54:16.352 [main] INFO  TC_For_Signup.Driver_SignUp_Test - *****Verified Third step active bar is activated*****
15:54:16.538 [main] INFO  TC_For_Signup.Driver_SignUp_Test - *****Upload License Image*****
15:54:19.597 [main] INFO  TC_For_Signup.Driver_SignUp_Test - *****License image uploaded*****
15:54:22.754 [main] INFO  TC_For_Signup.Driver_SignUp_Test - *****Verified Confirmation message*****
15:54:24.850 [main] INFO  TC_For_Signup.Driver_SignUp_Test - *****Finished the Driver_SignUp_with_valid_dataTest*****
15:54:27.940 [main] INFO  TC_For_Signup.Driver_SignUp_Test - *****Browser Closed*****
15:59:07.694 [main] INFO  TC_For_Signup.Driver_SignUp_Test - *Started Driver_SignUp_Test*
15:59:07.702 [main] INFO  TC_For_Signup.Driver_SignUp_Test - *Opening Browser*
15:59:07.702 [main] INFO  TC_For_Signup.Driver_SignUp_Test - *Started the SignUp_with_valid_dataTest*
15:59:08.659 [main] INFO  TC_For_Signup.Driver_SignUp_Test - *Select role as a driver*
15:59:11.695 [main] INFO  TC_For_Signup.Driver_SignUp_Test - activebar
15:59:11.695 [main] INFO  TC_For_Signup.Driver_SignUp_Test - First Step - Step One is activated
15:59:11.695 [main] INFO  TC_For_Signup.Driver_SignUp_Test - *Verified first step active bar is activated*
15:59:13.170 [main] INFO  TC_For_Signup.Driver_SignUp_Test - *Filled data in Step one fields*
15:59:13.243 [main] INFO  TC_For_Signup.Driver_SignUp_Test - ✅ Test passed: Sign Up as Driver First Page Form filled and progressed successfully.
15:59:15.266 [main] INFO  TC_For_Signup.Driver_SignUp_Test - Step Two - Step two is activated
15:59:15.266 [main] INFO  TC_For_Signup.Driver_SignUp_Test - *Verified Second step active bar is activated*
15:59:21.504 [main] INFO  TC_For_Signup.Driver_SignUp_Test - *Filled data in Second Step page fields*
15:59:21.603 [main] INFO  TC_For_Signup.Driver_SignUp_Test - ✅ Test passed: Sign Up as Driver Second Page Form filled and progressed successfully.
15:59:23.639 [main] INFO  TC_For_Signup.Driver_SignUp_Test - Step Three - Step three is activated
15:59:23.639 [main] INFO  TC_For_Signup.Driver_SignUp_Test - *Verified Third step active bar is activated*
15:59:23.823 [main] INFO  TC_For_Signup.Driver_SignUp_Test - *Upload License Image*
15:59:26.885 [main] INFO  TC_For_Signup.Driver_SignUp_Test - *License image uploaded*
15:59:27.010 [main] INFO  TC_For_Signup.Driver_SignUp_Test - ✅ Test passed: Sign Up Third Page Form filled and progressed successfully.
15:59:30.035 [main] INFO  TC_For_Signup.Driver_SignUp_Test - Modal Title: Thank you for Your Registration .
15:59:30.036 [main] INFO  TC_For_Signup.Driver_SignUp_Test - *Verified Confirmation message*
15:59:30.055 [main] INFO  TC_For_Signup.Driver_SignUp_Test - Modal Message: Please wait until your profile verification is completed.
15:59:32.133 [main] INFO  TC_For_Signup.Driver_SignUp_Test - *Finished the Driver_SignUp_with_valid_dataTest*
15:59:35.218 [main] INFO  TC_For_Signup.Driver_SignUp_Test - *Browser Closed*
16:00:55.918 [main] INFO  TC_For_Signup.Driver_SignUp_Test - *Started Driver_SignUp_Test*
16:00:55.925 [main] INFO  TC_For_Signup.Driver_SignUp_Test - *Opening Browser*
16:00:55.926 [main] INFO  TC_For_Signup.Driver_SignUp_Test - *Started the SignUp_with_valid_dataTest*
16:00:56.888 [main] INFO  TC_For_Signup.Driver_SignUp_Test - *Select role as a driver*
16:00:59.676 [main] INFO  TC_For_Signup.Driver_SignUp_Test - First Step - Step One is activated
16:00:59.677 [main] INFO  TC_For_Signup.Driver_SignUp_Test - *Verified first step active bar is activated*
16:01:01.170 [main] INFO  TC_For_Signup.Driver_SignUp_Test - *Filled data in Step one fields*
16:01:01.244 [main] INFO  TC_For_Signup.Driver_SignUp_Test - ✅ Test passed: Sign Up as Driver First Page Form filled and progressed successfully.
16:01:03.266 [main] INFO  TC_For_Signup.Driver_SignUp_Test - Step Two - Step two is activated
16:01:03.267 [main] INFO  TC_For_Signup.Driver_SignUp_Test - *Verified Second step active bar is activated*
16:01:09.485 [main] INFO  TC_For_Signup.Driver_SignUp_Test - *Filled data in Second Step page fields*
16:01:09.602 [main] INFO  TC_For_Signup.Driver_SignUp_Test - ✅ Test passed: Sign Up as Driver Second Page Form filled and progressed successfully.
16:01:11.633 [main] INFO  TC_For_Signup.Driver_SignUp_Test - Step Three - Step three is activated
16:01:11.633 [main] INFO  TC_For_Signup.Driver_SignUp_Test - *Verified Third step active bar is activated*
16:01:11.816 [main] INFO  TC_For_Signup.Driver_SignUp_Test - *Upload License Image*
16:01:14.872 [main] INFO  TC_For_Signup.Driver_SignUp_Test - *License image uploaded*
16:01:15.016 [main] INFO  TC_For_Signup.Driver_SignUp_Test - ✅ Test passed: Sign Up Third Page Form filled and progressed successfully.
16:01:18.043 [main] INFO  TC_For_Signup.Driver_SignUp_Test - Modal Title: Thank you for Your Registration .
16:01:18.044 [main] INFO  TC_For_Signup.Driver_SignUp_Test - *Verified Confirmation message*
16:01:18.063 [main] INFO  TC_For_Signup.Driver_SignUp_Test - Modal Message: Please wait until your profile verification is completed.
16:01:20.137 [main] INFO  TC_For_Signup.Driver_SignUp_Test - *Finished the Driver_SignUp_with_valid_dataTest*
16:01:23.223 [main] INFO  TC_For_Signup.Driver_SignUp_Test - *Browser Closed*
16:43:13.979 [main] INFO  TC_For_Signup.Driver_Alerts_Verifications - *Started Driver_SignUp_Test*
16:43:48.070 [main] INFO  TC_For_Signup.Driver_Alerts_Verifications - *Started Driver_SignUp_Test*
16:43:59.981 [main] INFO  TC_For_Signup.Driver_Alerts_Verifications - *Browser Closed*
16:44:26.063 [main] INFO  TC_For_Signup.Driver_Alerts_Verifications - *Started Driver_SignUp_Test*
16:44:29.347 [main] INFO  TC_For_Signup.Driver_Alerts_Verifications - *Filled data in Step one fields*
16:44:40.110 [main] INFO  TC_For_Signup.Driver_Alerts_Verifications - *Browser Closed*
16:45:13.104 [main] INFO  TC_For_Signup.Driver_Alerts_Verifications - *Started Driver_SignUp_Test*
16:45:17.325 [main] INFO  TC_For_Signup.Driver_Alerts_Verifications - *Filled data in Step one fields*
16:45:25.150 [main] INFO  TC_For_Signup.Driver_Alerts_Verifications - *Filled data in Second Step page fields*
16:45:29.366 [main] INFO  TC_For_Signup.Driver_Alerts_Verifications - *Verify upload license image alert*
16:47:09.012 [main] INFO  TC_For_Signup.Driver_Alerts_Verifications - *Started Driver_SignUp_Test*
16:47:13.458 [main] INFO  TC_For_Signup.Driver_Alerts_Verifications - *Filled data in Step one fields*
16:47:20.977 [main] INFO  TC_For_Signup.Driver_Alerts_Verifications - *Filled data in Second Step page fields*
16:47:25.193 [main] INFO  TC_For_Signup.Driver_Alerts_Verifications - *Verify upload license image alert*
16:47:38.315 [main] INFO  TC_For_Signup.Driver_Alerts_Verifications - *Verify Term and conditions checkbox alert*
16:47:51.444 [main] INFO  TC_For_Signup.Driver_Alerts_Verifications - *Browser Closed*
16:49:29.229 [main] INFO  TC_For_Signup.Driver_Alerts_Verifications - *Started Driver_SignUp_Test*
16:49:33.702 [main] INFO  TC_For_Signup.Driver_Alerts_Verifications - *Filled data in Step one fields*
16:49:41.306 [main] INFO  TC_For_Signup.Driver_Alerts_Verifications - *Filled data in Second Step page fields*
16:49:42.487 [main] INFO  TC_For_Signup.Driver_Alerts_Verifications - *Verify License number field alert*
16:49:42.507 [main] INFO  TC_For_Signup.Driver_Alerts_Verifications - License number field Validation alert: Expected Result: Please fill in this field.  Actual Result: Please fill in this field.
16:49:42.602 [main] INFO  TC_For_Signup.Driver_Alerts_Verifications - *Verified License number field alert*
16:49:45.690 [main] INFO  TC_For_Signup.Driver_Alerts_Verifications - *Verify upload license image alert*
16:49:45.717 [main] INFO  TC_For_Signup.Driver_Alerts_Verifications - Toast message of upload license image: License image is required
16:49:45.717 [main] INFO  TC_For_Signup.Driver_Alerts_Verifications - *Verified upload license image alert*
16:49:48.850 [main] INFO  TC_For_Signup.Driver_Alerts_Verifications - *Verify Term and conditions checkbox alert*
16:50:01.922 [main] INFO  TC_For_Signup.Driver_Alerts_Verifications - *Browser Closed*
16:51:22.507 [main] INFO  TC_For_Signup.Driver_Alerts_Verifications - *Started Driver_SignUp_Test*
16:51:26.801 [main] INFO  TC_For_Signup.Driver_Alerts_Verifications - *Filled data in Step one fields*
16:51:34.416 [main] INFO  TC_For_Signup.Driver_Alerts_Verifications - *Filled data in Second Step page fields*
16:51:35.590 [main] INFO  TC_For_Signup.Driver_Alerts_Verifications - *Verify License number field alert*
16:51:35.614 [main] INFO  TC_For_Signup.Driver_Alerts_Verifications - License number field Validation alert: Expected Result: Please fill in this field.  Actual Result: Please fill in this field.
16:51:35.715 [main] INFO  TC_For_Signup.Driver_Alerts_Verifications - *Verified License number field alert*
16:51:38.798 [main] INFO  TC_For_Signup.Driver_Alerts_Verifications - *Verify upload license image alert*
16:51:38.825 [main] INFO  TC_For_Signup.Driver_Alerts_Verifications - Toast message of upload license image: License image is required
16:51:38.825 [main] INFO  TC_For_Signup.Driver_Alerts_Verifications - *Verified upload license image alert*
16:51:41.967 [main] INFO  TC_For_Signup.Driver_Alerts_Verifications - *Verify Term and conditions checkbox alert*
16:52:22.648 [main] INFO  TC_For_Signup.Driver_Alerts_Verifications - *Started Driver_SignUp_Test*
16:52:26.904 [main] INFO  TC_For_Signup.Driver_Alerts_Verifications - *Filled data in Step one fields*
16:52:34.572 [main] INFO  TC_For_Signup.Driver_Alerts_Verifications - *Filled data in Second Step page fields*
16:52:35.779 [main] INFO  TC_For_Signup.Driver_Alerts_Verifications - *Verify License number field alert*
16:52:35.802 [main] INFO  TC_For_Signup.Driver_Alerts_Verifications - License number field Validation alert: Expected Result: Please fill in this field.  Actual Result: Please fill in this field.
16:52:35.920 [main] INFO  TC_For_Signup.Driver_Alerts_Verifications - *Verified License number field alert*
16:52:39.005 [main] INFO  TC_For_Signup.Driver_Alerts_Verifications - *Verify upload license image alert*
16:52:39.033 [main] INFO  TC_For_Signup.Driver_Alerts_Verifications - Toast message of upload license image: License image is required
16:52:39.033 [main] INFO  TC_For_Signup.Driver_Alerts_Verifications - *Verified upload license image alert*
16:52:47.159 [main] INFO  TC_For_Signup.Driver_Alerts_Verifications - *Verify Term and conditions checkbox alert*
16:52:47.182 [main] INFO  TC_For_Signup.Driver_Alerts_Verifications - Toast message of Term and conditions: Please fill the check box to accept terms and conditions.
16:52:47.183 [main] INFO  TC_For_Signup.Driver_Alerts_Verifications - *Verified Term and conditions checkbox alert*
16:52:50.466 [main] INFO  TC_For_Signup.Driver_Alerts_Verifications - *Browser Closed*
16:58:26.242 [main] INFO  TC_For_Signup.Driver_SignUp_Test - *Started Driver_SignUp_Test*
16:58:26.250 [main] INFO  TC_For_Signup.Driver_SignUp_Test - *Opening Browser*
16:58:26.250 [main] INFO  TC_For_Signup.Driver_SignUp_Test - *Started the SignUp_with_valid_dataTest*
16:58:27.217 [main] INFO  TC_For_Signup.Driver_SignUp_Test - *Select role as a driver*
16:58:30.005 [main] INFO  TC_For_Signup.Driver_SignUp_Test - First Step - Step One is activated
16:58:30.005 [main] INFO  TC_For_Signup.Driver_SignUp_Test - *Verified first step active bar is activated*
16:58:31.515 [main] INFO  TC_For_Signup.Driver_SignUp_Test - *Filled data in Step one fields*
16:58:31.625 [main] INFO  TC_For_Signup.Driver_SignUp_Test - ✅ Test passed: Sign Up as Driver First Page Form filled and progressed successfully.
16:58:33.666 [main] INFO  TC_For_Signup.Driver_SignUp_Test - Step Two - Step two is activated
16:58:33.666 [main] INFO  TC_For_Signup.Driver_SignUp_Test - *Verified Second step active bar is activated*
16:58:39.963 [main] INFO  TC_For_Signup.Driver_SignUp_Test - *Filled data in Second Step page fields*
16:58:40.084 [main] INFO  TC_For_Signup.Driver_SignUp_Test - ✅ Test passed: Sign Up as Driver Second Page Form filled and progressed successfully.
16:58:42.118 [main] INFO  TC_For_Signup.Driver_SignUp_Test - Step Three - Step three is activated
16:58:42.119 [main] INFO  TC_For_Signup.Driver_SignUp_Test - *Verified Third step active bar is activated*
16:58:42.325 [main] INFO  TC_For_Signup.Driver_SignUp_Test - *Upload License Image*
16:58:45.389 [main] INFO  TC_For_Signup.Driver_SignUp_Test - *License image uploaded*
16:59:03.656 [main] INFO  TC_For_Signup.Driver_SignUp_Test - *Browser Closed*
17:00:53.679 [main] INFO  TC_For_Signup.Driver_SignUp_Test - *Started Driver_SignUp_Test*
17:00:53.687 [main] INFO  TC_For_Signup.Driver_SignUp_Test - *Opening Browser*
17:00:53.688 [main] INFO  TC_For_Signup.Driver_SignUp_Test - *Started the SignUp_with_valid_dataTest*
17:00:54.616 [main] INFO  TC_For_Signup.Driver_SignUp_Test - *Select role as a driver*
17:00:57.592 [main] INFO  TC_For_Signup.Driver_SignUp_Test - First Step - Step One is activated
17:00:57.592 [main] INFO  TC_For_Signup.Driver_SignUp_Test - *Verified first step active bar is activated*
17:00:59.119 [main] INFO  TC_For_Signup.Driver_SignUp_Test - *Filled data in Step one fields*
17:00:59.223 [main] INFO  TC_For_Signup.Driver_SignUp_Test - ✅ Test passed: Sign Up as Driver First Page Form filled and progressed successfully.
17:01:01.253 [main] INFO  TC_For_Signup.Driver_SignUp_Test - Step Two - Step two is activated
17:01:01.253 [main] INFO  TC_For_Signup.Driver_SignUp_Test - *Verified Second step active bar is activated*
17:01:07.513 [main] INFO  TC_For_Signup.Driver_SignUp_Test - *Filled data in Second Step page fields*
17:01:07.631 [main] INFO  TC_For_Signup.Driver_SignUp_Test - ✅ Test passed: Sign Up as Driver Second Page Form filled and progressed successfully.
17:01:09.667 [main] INFO  TC_For_Signup.Driver_SignUp_Test - Step Three - Step three is activated
17:01:09.667 [main] INFO  TC_For_Signup.Driver_SignUp_Test - *Verified Third step active bar is activated*
17:01:09.875 [main] INFO  TC_For_Signup.Driver_SignUp_Test - *Upload License Image*
17:01:12.939 [main] INFO  TC_For_Signup.Driver_SignUp_Test - *License image uploaded*
17:01:13.085 [main] INFO  TC_For_Signup.Driver_SignUp_Test - ✅ Test passed: Sign Up Third Page Form filled and progressed successfully.
17:01:16.116 [main] INFO  TC_For_Signup.Driver_SignUp_Test - Modal Title: Thank you for Your Registration .
17:01:16.116 [main] INFO  TC_For_Signup.Driver_SignUp_Test - *Verified Confirmation message*
17:01:16.139 [main] INFO  TC_For_Signup.Driver_SignUp_Test - Modal Message: Please wait until your profile verification is completed.
17:01:18.229 [main] INFO  TC_For_Signup.Driver_SignUp_Test - *Finished the Driver_SignUp_with_valid_dataTest*
17:05:42.996 [main] INFO  TC_For_Signup.Driver_SignUp_Test - *Started Driver_SignUp_Test*
17:05:43.006 [main] INFO  TC_For_Signup.Driver_SignUp_Test - *Opening Browser*
17:05:43.006 [main] INFO  TC_For_Signup.Driver_SignUp_Test - *Started the SignUp_with_valid_dataTest*
17:05:43.913 [main] INFO  TC_For_Signup.Driver_SignUp_Test - *Select role as a driver*
17:05:46.633 [main] INFO  TC_For_Signup.Driver_SignUp_Test - First Step - Step One is activated
17:05:46.633 [main] INFO  TC_For_Signup.Driver_SignUp_Test - *Verified first step active bar is activated*
17:05:48.165 [main] INFO  TC_For_Signup.Driver_SignUp_Test - *Filled data in Step one fields*
17:05:48.253 [main] INFO  TC_For_Signup.Driver_SignUp_Test - ✅ Test passed: Sign Up as Driver First Page Form filled and progressed successfully.
17:05:50.282 [main] INFO  TC_For_Signup.Driver_SignUp_Test - Step Two - Step two is activated
17:05:50.282 [main] INFO  TC_For_Signup.Driver_SignUp_Test - *Verified Second step active bar is activated*
17:05:56.543 [main] INFO  TC_For_Signup.Driver_SignUp_Test - *Filled data in Second Step page fields*
17:05:56.659 [main] INFO  TC_For_Signup.Driver_SignUp_Test - ✅ Test passed: Sign Up as Driver Second Page Form filled and progressed successfully.
17:05:58.695 [main] INFO  TC_For_Signup.Driver_SignUp_Test - Step Three - Step three is activated
17:05:58.696 [main] INFO  TC_For_Signup.Driver_SignUp_Test - *Verified Third step active bar is activated*
17:05:58.886 [main] INFO  TC_For_Signup.Driver_SignUp_Test - *Upload License Image*
17:06:01.949 [main] INFO  TC_For_Signup.Driver_SignUp_Test - *License image uploaded*
17:06:02.097 [main] INFO  TC_For_Signup.Driver_SignUp_Test - ✅ Test passed: Sign Up Third Page Form filled and progressed successfully.
17:06:05.124 [main] INFO  TC_For_Signup.Driver_SignUp_Test - Modal Title: Thank you for Your Registration .
17:06:05.125 [main] INFO  TC_For_Signup.Driver_SignUp_Test - *Verified Confirmation message*
17:06:05.147 [main] INFO  TC_For_Signup.Driver_SignUp_Test - Modal Message: Please wait until your profile verification is completed.
17:06:07.233 [main] INFO  TC_For_Signup.Driver_SignUp_Test - *Finished the Driver_SignUp_with_valid_dataTest*
17:06:10.358 [main] INFO  TC_For_Signup.Driver_SignUp_Test - *Browser Closed*
17:09:56.913 [main] INFO  TC_For_Signup.Driver_SignUp_Test - *Started Driver_SignUp_Test*
17:09:56.922 [main] INFO  TC_For_Signup.Driver_SignUp_Test - *Opening Browser*
17:09:56.922 [main] INFO  TC_For_Signup.Driver_SignUp_Test - *Started the SignUp_with_valid_dataTest*
17:11:20.355 [main] INFO  TC_For_Signup.Driver_SignUp_Test - *Browser Closed*
17:15:43.046 [main] INFO  TC_For_Signup.Driver_SignUp_Test - *Started Driver_SignUp_Test*
17:15:43.055 [main] INFO  TC_For_Signup.Driver_SignUp_Test - *Opening Browser*
17:15:43.055 [main] INFO  TC_For_Signup.Driver_SignUp_Test - *Started the SignUp_with_valid_dataTest*
17:15:43.755 [main] INFO  TC_For_Signup.Driver_SignUp_Test - *Select role as a driver*
17:15:46.439 [main] INFO  TC_For_Signup.Driver_SignUp_Test - First Step - Step One is activated
17:15:46.439 [main] INFO  TC_For_Signup.Driver_SignUp_Test - *Verified first step active bar is activated*
17:15:47.964 [main] INFO  TC_For_Signup.Driver_SignUp_Test - *Filled data in Step one fields*
17:15:48.048 [main] INFO  TC_For_Signup.Driver_SignUp_Test - ✅ Test passed: Sign Up as Driver First Page Form filled and progressed successfully.
17:15:50.079 [main] INFO  TC_For_Signup.Driver_SignUp_Test - Step Two - Step two is activated
17:15:50.079 [main] INFO  TC_For_Signup.Driver_SignUp_Test - *Verified Second step active bar is activated*
17:15:56.326 [main] INFO  TC_For_Signup.Driver_SignUp_Test - *Filled data in Second Step page fields*
17:15:56.440 [main] INFO  TC_For_Signup.Driver_SignUp_Test - ✅ Test passed: Sign Up as Driver Second Page Form filled and progressed successfully.
17:15:58.477 [main] INFO  TC_For_Signup.Driver_SignUp_Test - Step Three - Step three is activated
17:15:58.477 [main] INFO  TC_For_Signup.Driver_SignUp_Test - *Verified Third step active bar is activated*
17:15:58.678 [main] INFO  TC_For_Signup.Driver_SignUp_Test - *Upload License Image*
17:16:01.741 [main] INFO  TC_For_Signup.Driver_SignUp_Test - *License image uploaded*
17:16:01.871 [main] INFO  TC_For_Signup.Driver_SignUp_Test - ✅ Test passed: Sign Up Third Page Form filled and progressed successfully.
17:16:04.896 [main] INFO  TC_For_Signup.Driver_SignUp_Test - Modal Title: Thank you for Your Registration .
17:16:04.897 [main] INFO  TC_For_Signup.Driver_SignUp_Test - *Verified Confirmation message*
17:16:04.915 [main] INFO  TC_For_Signup.Driver_SignUp_Test - Modal Message: Please wait until your profile verification is completed.
17:16:06.992 [main] INFO  TC_For_Signup.Driver_SignUp_Test - *Finished the Driver_SignUp_with_valid_dataTest*
17:16:10.084 [main] INFO  TC_For_Signup.Driver_SignUp_Test - *Browser Closed*
17:16:19.142 [main] INFO  TC_For_Signup.Carrier_SignUp_Test - *****Opening Browser*****
17:16:19.145 [main] INFO  TC_For_Signup.Carrier_SignUp_Test - *****Started the Carrier_SignUp_Test*****
17:16:29.637 [main] INFO  TC_For_Signup.Carrier_SignUp_Test - *****Opening Browser*****
17:16:29.640 [main] INFO  TC_For_Signup.Carrier_SignUp_Test - *****Started the Carrier_SignUp_Test*****
17:20:13.605 [main] INFO  TC_For_Login.Carrier_LoginTest - *Started LoginTest*
17:21:24.502 [main] INFO  TC_For_Login.Carrier_LoginTest - *Started LoginTest*
17:24:47.041 [main] INFO  TC_For_Login.Driver_LoginTest - *Started LoginTest*
17:24:52.390 [main] INFO  TC_For_Login.Driver_LoginTest - Expected URL: https://kinda.jcsoftwaresolution.in/task Current URLhttps://kinda.jcsoftwaresolution.in/task
17:37:33.210 [main] INFO  TC_For_Login.Login_Alerts_verification - *Started Login_Alerts_verification*
17:37:35.375 [main] INFO  TC_For_Login.Login_Alerts_verification - *Verify Email field alert*
17:37:35.398 [main] INFO  TC_For_Login.Login_Alerts_verification - Enter Email field Validation Message:Expected Result: Please fill in this field.  Actual Result: Please fill in this field.
17:37:35.401 [main] INFO  TC_For_Login.Login_Alerts_verification - *Verified Email field alert*
17:37:35.570 [main] INFO  TC_For_Login.Login_Alerts_verification - *Verify Password field alert*
17:37:35.578 [main] INFO  TC_For_Login.Login_Alerts_verification - Enter Password field Validation Message:Expected Result: Please fill in this field.  Actual Result: Please fill in this field.
17:37:35.579 [main] INFO  TC_For_Login.Login_Alerts_verification - *Verify the actual result and expected result*
17:37:35.636 [main] INFO  TC_For_Login.Login_Alerts_verification - *Verified Email field alert*
17:37:38.793 [main] INFO  TC_For_Login.Login_Alerts_verification - *Finished Login_Alerts_verification*
17:56:11.759 [main] INFO  TC_For_Login.Carrier_LoginTest - *Started Carrier_LoginTest*
17:56:16.668 [main] INFO  TC_For_Login.Carrier_LoginTest - Expected URL: https://kinda.jcsoftwaresolution.in/profile Current URLhttps://kinda.jcsoftwaresolution.in/profile
17:56:16.670 [main] INFO  TC_For_Login.Carrier_LoginTest - *Finished Carrier_LoginTest*
17:56:32.152 [main] INFO  TC_For_Forgot_Password.Forgot_PasswordTest - *Started Forgot_PasswordTest*
17:56:35.623 [main] INFO  TC_For_Forgot_Password.Forgot_PasswordTest - Expected URL: https://kinda.jcsoftwaresolution.in/otp-verify Current URLhttps://kinda.jcsoftwaresolution.in/forgotpassword
17:57:25.946 [main] INFO  TC_For_Forgot_Password.Forgot_PasswordTest - *Started Forgot_PasswordTest*
17:57:31.923 [main] INFO  TC_For_Forgot_Password.Forgot_PasswordTest - Expected URL: https://kinda.jcsoftwaresolution.in/otp-verify Current URLhttps://kinda.jcsoftwaresolution.in/otp-verify
17:57:31.925 [main] INFO  TC_For_Forgot_Password.Forgot_PasswordTest - *Finished Forgot_PasswordTest*
18:22:35.214 [main] INFO  TC_For_Forgot_Password.Forgot_Password_fields_alertsTest - *Started Forgot_Password_fields_alertsTest*
18:23:19.043 [main] INFO  TC_For_Forgot_Password.Forgot_Password_fields_alertsTest - *Started Forgot_Password_fields_alertsTest*
18:24:29.186 [main] INFO  TC_For_Forgot_Password.Forgot_Password_fields_alertsTest - *Started Forgot_Password_fields_alertsTest*
18:24:32.499 [main] INFO  TC_For_Forgot_Password.Forgot_Password_fields_alertsTest - firstname field Validation Message:Expected Result: Please fill in this field.  Actual Result: Please fill in this field.
18:24:32.631 [main] INFO  TC_For_Forgot_Password.Forgot_Password_fields_alertsTest - If user try to enter invalid email format: Please include an '@' in the email address. 'thr' is missing an '@'.
18:24:35.511 [main] INFO  TC_For_Forgot_Password.Forgot_Password_fields_alertsTest - Verification code field Validation Message:Expected Result: Please fill in this field.  Actual Result: 
18:24:35.612 [main] INFO  TC_For_Forgot_Password.Forgot_Password_fields_alertsTest - Password field Validation Message:Expected Result: Please fill in this field.  Actual Result: 
18:24:35.704 [main] INFO  TC_For_Forgot_Password.Forgot_Password_fields_alertsTest - Confirm Password field Validation Message:Expected Result: Please fill in this field.  Actual Result: 
18:24:35.788 [main] INFO  TC_For_Forgot_Password.Forgot_Password_fields_alertsTest - If Password not matched: 
18:24:35.870 [main] INFO  TC_For_Forgot_Password.Forgot_Password_fields_alertsTest - If_password_not_valid: 
18:36:55.539 [main] INFO  TC_For_Forgot_Password.Forgot_Password_fields_alertsTest - *Started Forgot_Password_fields_alertsTest*
18:36:59.006 [main] INFO  TC_For_Forgot_Password.Forgot_Password_fields_alertsTest - firstname field Validation Message:Expected Result: Please fill in this field.  Actual Result: Please fill in this field.
18:37:01.112 [main] INFO  TC_For_Forgot_Password.Forgot_Password_fields_alertsTest - If user try to enter invalid email format: Please include an '@' in the email address. 'thr' is missing an '@'.
18:37:05.006 [main] INFO  TC_For_Forgot_Password.Forgot_Password_fields_alertsTest - Verification code field alert: Verification is required
18:37:05.032 [main] INFO  TC_For_Forgot_Password.Forgot_Password_fields_alertsTest - If password is not valid: Password must be at least 8 characters long, contain an uppercase letter, a lowercase letter, a number, and a special character.
18:37:05.124 [main] INFO  TC_For_Forgot_Password.Forgot_Password_fields_alertsTest - If password is not matched: 
18:38:06.599 [main] INFO  TC_For_Forgot_Password.Forgot_Password_fields_alertsTest - *Started Forgot_Password_fields_alertsTest*
18:38:09.697 [main] INFO  TC_For_Forgot_Password.Forgot_Password_fields_alertsTest - firstname field Validation Message:Expected Result: Please fill in this field.  Actual Result: Please fill in this field.
18:38:11.798 [main] INFO  TC_For_Forgot_Password.Forgot_Password_fields_alertsTest - If user try to enter invalid email format: Please include an '@' in the email address. 'thr' is missing an '@'.
18:38:15.689 [main] INFO  TC_For_Forgot_Password.Forgot_Password_fields_alertsTest - Verification code field alert: Verification is required
18:38:15.713 [main] INFO  TC_For_Forgot_Password.Forgot_Password_fields_alertsTest - If password is not valid: Password must be at least 8 characters long, contain an uppercase letter, a lowercase letter, a number, and a special character.
18:38:16.805 [main] INFO  TC_For_Forgot_Password.Forgot_Password_fields_alertsTest - If password is not matched: 
18:39:36.442 [main] INFO  TC_For_Forgot_Password.Forgot_Password_fields_alertsTest - *Started Forgot_Password_fields_alertsTest*
18:39:39.758 [main] INFO  TC_For_Forgot_Password.Forgot_Password_fields_alertsTest - firstname field Validation Message:Expected Result: Please fill in this field.  Actual Result: Please fill in this field.
18:39:41.861 [main] INFO  TC_For_Forgot_Password.Forgot_Password_fields_alertsTest - If user try to enter invalid email format: Please include an '@' in the email address. 'thr' is missing an '@'.
18:39:45.707 [main] INFO  TC_For_Forgot_Password.Forgot_Password_fields_alertsTest - Verification code field alert: Verification is required
18:39:45.729 [main] INFO  TC_For_Forgot_Password.Forgot_Password_fields_alertsTest - If password is not valid: Password must be at least 8 characters long, contain an uppercase letter, a lowercase letter, a number, and a special character.
18:39:47.817 [main] INFO  TC_For_Forgot_Password.Forgot_Password_fields_alertsTest - If password is not matched: 
18:40:56.995 [main] INFO  TC_For_Forgot_Password.Forgot_Password_fields_alertsTest - *Started Forgot_Password_fields_alertsTest*
18:40:59.900 [main] INFO  TC_For_Forgot_Password.Forgot_Password_fields_alertsTest - firstname field Validation Message:Expected Result: Please fill in this field.  Actual Result: Please fill in this field.
18:41:02.009 [main] INFO  TC_For_Forgot_Password.Forgot_Password_fields_alertsTest - If user try to enter invalid email format: Please include an '@' in the email address. 'thr' is missing an '@'.
18:41:05.948 [main] INFO  TC_For_Forgot_Password.Forgot_Password_fields_alertsTest - Verification code field alert: Verification is required
18:41:05.973 [main] INFO  TC_For_Forgot_Password.Forgot_Password_fields_alertsTest - If password is not valid: Password must be at least 8 characters long, contain an uppercase letter, a lowercase letter, a number, and a special character.
18:41:08.063 [main] INFO  TC_For_Forgot_Password.Forgot_Password_fields_alertsTest - If password is not matched: 
18:42:17.390 [main] INFO  TC_For_Forgot_Password.Forgot_Password_fields_alertsTest - *Started Forgot_Password_fields_alertsTest*
18:42:20.757 [main] INFO  TC_For_Forgot_Password.Forgot_Password_fields_alertsTest - Email field Validation Message: Expected Result: Please fill in this field.  Actual Result: Please fill in this field.
18:42:22.878 [main] INFO  TC_For_Forgot_Password.Forgot_Password_fields_alertsTest - If user try to enter invalid email format: Please include an '@' in the email address. 'thr' is missing an '@'.
18:42:26.861 [main] INFO  TC_For_Forgot_Password.Forgot_Password_fields_alertsTest - Verification code field alert: Verification is required
18:42:26.884 [main] INFO  TC_For_Forgot_Password.Forgot_Password_fields_alertsTest - If password is not valid: Password must be at least 8 characters long, contain an uppercase letter, a lowercase letter, a number, and a special character.
18:42:28.974 [main] INFO  TC_For_Forgot_Password.Forgot_Password_fields_alertsTest - If password is not matched: 
18:43:52.030 [main] INFO  TC_For_Forgot_Password.Forgot_Password_fields_alertsTest - *Started Forgot_Password_fields_alertsTest*
18:43:55.252 [main] INFO  TC_For_Forgot_Password.Forgot_Password_fields_alertsTest - Email field Validation Message: Expected Result: Please fill in this field.  Actual Result: Please fill in this field.
18:43:57.382 [main] INFO  TC_For_Forgot_Password.Forgot_Password_fields_alertsTest - If user try to enter invalid email format: Please include an '@' in the email address. 'thr' is missing an '@'.
18:44:01.376 [main] INFO  TC_For_Forgot_Password.Forgot_Password_fields_alertsTest - Verification code field alert: Verification is required
18:44:01.398 [main] INFO  TC_For_Forgot_Password.Forgot_Password_fields_alertsTest - If password is not valid: Password must be at least 8 characters long, contain an uppercase letter, a lowercase letter, a number, and a special character.
18:44:03.506 [main] INFO  TC_For_Forgot_Password.Forgot_Password_fields_alertsTest - If password is not matched: Password and ConfirmPassword did not matched
